<?xml version="1.0" encoding="UTF-8"?>
<!-- Generated by org.testng.reporters.JUnitReportReporter -->
<testsuite hostname="LAPTOP-2FVPBH91" name="driver_factory.YahooDriver_Script" tests="3" failures="0" timestamp="10 Sep 2022 08:11:02 GMT" time="134.890" errors="0">
  <testcase name="verifyterms_conditons" time="64.223" classname="driver_factory.YahooDriver_Script"/>
  <testcase name="verifymodile" time="53.494" classname="driver_factory.YahooDriver_Script"/>
  <testcase name="verifyaccount" time="17.173" classname="driver_factory.YahooDriver_Script"/>
</testsuite> <!-- driver_factory.YahooDriver_Script -->
