<?xml version="1.0" encoding="UTF-8"?>
<!-- Generated by org.testng.reporters.JUnitReportReporter -->
<testsuite hostname="LAPTOP-2FVPBH91" name="yahoooooooo_12.Yahoo_Account_123" tests="2" failures="0" timestamp="14 Sep 2022 05:16:15 GMT" time="59.239" errors="0">
  <testcase name="VerifyModilenumber" time="42.777" classname="yahoooooooo_12.Yahoo_Account_123"/>
  <testcase name="VerifyPrivacy" time="16.462" classname="yahoooooooo_12.Yahoo_Account_123"/>
</testsuite> <!-- yahoooooooo_12.Yahoo_Account_123 -->
